<?xml version="1.0" encoding="UTF-8"?>
<!-- Generated by org.testng.reporters.JUnitXMLReporter -->
<testsuite hostname="DESKTOP-RE6L4UB" ignored="0" name="Test" tests="1" failures="1" timestamp="2021-07-26T10:31:57 CAT" time="15.556" errors="0">
  <testcase name="loginManager" time="3.013" classname="org.malitcode.test.ManagerLoginTest">
    <failure type="junit.framework.AssertionFailedError" message="Login Not Succesfful">
      <![CDATA[junit.framework.AssertionFailedError: Login Not Succesfful
at junit.framework.Assert.fail(Assert.java:47)
at org.malitcode.test.ManagerLoginTest.loginManager(ManagerLoginTest.java:38)
at java.util.ArrayList.forEach(ArrayList.java:1259)
... Removed 27 stack frames]]>
    </failure>
  </testcase> <!-- loginManager -->
</testsuite> <!-- Test -->
