<?xml version="1.0" encoding="UTF-8"?>
<testng-results ignored="0" total="1" passed="1" failed="0" skipped="0">
  <reporter-output>
    <line>
      <![CDATA[Manager Login successfully executed]]>
    </line>
  </reporter-output>
  <suite started-at="2021-07-11T11:28:53 SAST" name="Default suite" finished-at="2021-07-11T11:29:23 SAST" duration-ms="30307">
    <groups>
    </groups>
    <test started-at="2021-07-11T11:28:53 SAST" name="Default test" finished-at="2021-07-11T11:29:23 SAST" duration-ms="30307">
      <class name="org.malitcode.test.ManagerLoginTest">
        <test-method is-config="true" signature="setUp()[pri:0, instance:org.malitcode.test.ManagerLoginTest@7671cb68]" started-at="2021-07-11T11:28:53 SAST" name="setUp" finished-at="2021-07-11T11:29:00 SAST" duration-ms="7276" status="PASS">
          <reporter-output>
          </reporter-output>
        </test-method> <!-- setUp -->
        <test-method signature="loginManager()[pri:0, instance:org.malitcode.test.ManagerLoginTest@7671cb68]" started-at="2021-07-11T11:29:00 SAST" name="loginManager" finished-at="2021-07-11T11:29:23 SAST" duration-ms="22713" status="PASS">
          <reporter-output>
            <line>
              <![CDATA[Manager Login successfully executed]]>
            </line>
          </reporter-output>
        </test-method> <!-- loginManager -->
        <test-method is-config="true" signature="tearDown()[pri:0, instance:org.malitcode.test.ManagerLoginTest@7671cb68]" started-at="2021-07-11T11:29:23 SAST" name="tearDown" finished-at="2021-07-11T11:29:23 SAST" duration-ms="252" status="PASS">
          <reporter-output>
          </reporter-output>
        </test-method> <!-- tearDown -->
      </class> <!-- org.malitcode.test.ManagerLoginTest -->
    </test> <!-- Default test -->
  </suite> <!-- Default suite -->
</testng-results>
